<?xml version="1.0" encoding="UTF-8" ?>
<testsuite failures="0" time="1.124" errors="1" skipped="0" tests="1" name="com.test.es.PetTypeRepositoryTest">
  <properties>
    <property name="java.runtime.name" value="Java(TM) SE Runtime Environment"/>
    <property name="sun.boot.library.path" value="C:\Program Files\Java\jdk1.7.0_02\jre\bin"/>
    <property name="java.vm.version" value="22.0-b10"/>
    <property name="java.vm.vendor" value="Oracle Corporation"/>
    <property name="java.vendor.url" value="http://java.oracle.com/"/>
    <property name="path.separator" value=";"/>
    <property name="java.vm.name" value="Java HotSpot(TM) 64-Bit Server VM"/>
    <property name="file.encoding.pkg" value="sun.io"/>
    <property name="user.script" value=""/>
    <property name="user.country" value="CN"/>
    <property name="sun.java.launcher" value="SUN_STANDARD"/>
    <property name="sun.os.patch.level" value="Service Pack 1"/>
    <property name="java.vm.specification.name" value="Java Virtual Machine Specification"/>
    <property name="user.dir" value="D:\project\es_91288_91288\es\es-common"/>
    <property name="java.runtime.version" value="1.7.0_02-b13"/>
    <property name="java.awt.graphicsenv" value="sun.awt.Win32GraphicsEnvironment"/>
    <property name="basedir" value="D:\project\es_91288_91288\es\es-common"/>
    <property name="java.endorsed.dirs" value="C:\Program Files\Java\jdk1.7.0_02\jre\lib\endorsed"/>
    <property name="os.arch" value="amd64"/>
    <property name="surefire.real.class.path" value="D:\project\es_91288_91288\es\es-common\target\surefire\surefirebooter8111974993301598493.jar"/>
    <property name="java.io.tmpdir" value="C:\Users\XINMIN~1\AppData\Local\Temp\"/>
    <property name="line.separator" value="
"/>
    <property name="java.vm.specification.vendor" value="Oracle Corporation"/>
    <property name="user.variant" value=""/>
    <property name="os.name" value="Windows 7"/>
    <property name="sun.jnu.encoding" value="GBK"/>
    <property name="java.library.path" value="C:\Program Files\Java\jdk1.7.0_02\jre\bin;C:\Windows\Sun\Java\bin;C:\Windows\system32;C:\Windows;C:\Program Files (x86)\AMD APP\bin\x86_64;C:\Program Files (x86)\AMD APP\bin\x86;C:\Program Files (x86)\NVIDIA Corporation\PhysX\Common;C:\Windows\system32;C:\Windows;C:\Windows\System32\Wbem;C:\Windows\System32\WindowsPowerShell\v1.0\;C:\Program Files (x86)\ATI Technologies\ATI.ACE\Core-Static;.;C:\Program Files\Java\jdk1.7.0_02\bin;D:\apache-maven-2.2.1\bin;C:\Program Files\SlikSvn\bin;E:\apache-ant-1.8.2-bin\apache-ant-1.8.2\bin;C:\Program Files\TortoiseSVN\bin;C:\Python27;C:\Program Files\TortoiseGit\bin;D:\TDDOWNLOAD\gradle-1.1-all\gradle-1.1\bin;D:\Program Files\erang\erl5.9.2\bin\erl.exe;D:\Program Files\RabbitMQ\sbin;C:\Program Files\VanDyke Software\Clients\;D:\Program Files\gradle-1.3\bin;C:\Sun\jwsdp-2.0\jwsdp-shared\bin;."/>
    <property name="surefire.test.class.path" value="D:\project\es_91288_91288\es\es-common\target\test-classes;D:\project\es_91288_91288\es\es-common\target\classes;E:\Dev\repo\junit\junit\4.11\junit-4.11.jar;E:\Dev\repo\org\hamcrest\hamcrest-core\1.3\hamcrest-core-1.3.jar;E:\Dev\repo\org\mockito\mockito-all\1.9.5\mockito-all-1.9.5.jar;E:\Dev\repo\org\springframework\spring-test\3.2.2.RELEASE\spring-test-3.2.2.RELEASE.jar;E:\Dev\repo\org\springframework\spring-core\3.2.2.RELEASE\spring-core-3.2.2.RELEASE.jar;E:\Dev\repo\commons-logging\commons-logging\1.1.1\commons-logging-1.1.1.jar;E:\Dev\repo\org\slf4j\slf4j-api\1.7.3\slf4j-api-1.7.3.jar;E:\Dev\repo\ch\qos\logback\logback-classic\1.0.10\logback-classic-1.0.10.jar;E:\Dev\repo\ch\qos\logback\logback-core\1.0.10\logback-core-1.0.10.jar;E:\Dev\repo\org\springframework\spring-context\3.2.2.RELEASE\spring-context-3.2.2.RELEASE.jar;E:\Dev\repo\org\springframework\spring-aop\3.2.2.RELEASE\spring-aop-3.2.2.RELEASE.jar;E:\Dev\repo\org\springframework\spring-beans\3.2.2.RELEASE\spring-beans-3.2.2.RELEASE.jar;E:\Dev\repo\org\springframework\spring-expression\3.2.2.RELEASE\spring-expression-3.2.2.RELEASE.jar;E:\Dev\repo\org\springframework\spring-context-support\3.2.2.RELEASE\spring-context-support-3.2.2.RELEASE.jar;E:\Dev\repo\org\springframework\spring-jdbc\3.2.2.RELEASE\spring-jdbc-3.2.2.RELEASE.jar;E:\Dev\repo\org\springframework\spring-orm\3.2.2.RELEASE\spring-orm-3.2.2.RELEASE.jar;E:\Dev\repo\aopalliance\aopalliance\1.0\aopalliance-1.0.jar;E:\Dev\repo\org\springframework\spring-tx\3.2.2.RELEASE\spring-tx-3.2.2.RELEASE.jar;E:\Dev\repo\org\springframework\spring-webmvc\3.2.2.RELEASE\spring-webmvc-3.2.2.RELEASE.jar;E:\Dev\repo\org\springframework\spring-web\3.2.2.RELEASE\spring-web-3.2.2.RELEASE.jar;E:\Dev\repo\org\springframework\data\spring-data-jpa\1.2.0.RELEASE\spring-data-jpa-1.2.0.RELEASE.jar;E:\Dev\repo\org\springframework\data\spring-data-commons-core\1.4.0.RELEASE\spring-data-commons-core-1.4.0.RELEASE.jar;E:\Dev\repo\org\slf4j\jcl-over-slf4j\1.6.1\jcl-over-slf4j-1.6.1.jar;E:\Dev\repo\org\aspectj\aspectjrt\1.6.12\aspectjrt-1.6.12.jar;E:\Dev\repo\org\hibernate\hibernate-core\4.2.0.Final\hibernate-core-4.2.0.Final.jar;E:\Dev\repo\antlr\antlr\2.7.7\antlr-2.7.7.jar;E:\Dev\repo\org\jboss\logging\jboss-logging\3.1.0.GA\jboss-logging-3.1.0.GA.jar;E:\Dev\repo\org\jboss\spec\javax\transaction\jboss-transaction-api_1.1_spec\1.0.0.Final\jboss-transaction-api_1.1_spec-1.0.0.Final.jar;E:\Dev\repo\dom4j\dom4j\1.6.1\dom4j-1.6.1.jar;E:\Dev\repo\org\hibernate\javax\persistence\hibernate-jpa-2.0-api\1.0.1.Final\hibernate-jpa-2.0-api-1.0.1.Final.jar;E:\Dev\repo\org\javassist\javassist\3.15.0-GA\javassist-3.15.0-GA.jar;E:\Dev\repo\org\hibernate\hibernate-entitymanager\4.2.0.Final\hibernate-entitymanager-4.2.0.Final.jar;E:\Dev\repo\javassist\javassist\3.12.1.GA\javassist-3.12.1.GA.jar;E:\Dev\repo\org\hibernate\hibernate-ehcache\4.2.0.Final\hibernate-ehcache-4.2.0.Final.jar;E:\Dev\repo\org\hibernate\common\hibernate-commons-annotations\4.0.1.Final\hibernate-commons-annotations-4.0.1.Final.jar;E:\Dev\repo\org\hibernate\hibernate-validator\4.3.1.Final\hibernate-validator-4.3.1.Final.jar;E:\Dev\repo\javax\validation\validation-api\1.0.0.GA\validation-api-1.0.0.GA.jar;E:\Dev\repo\net\sf\ehcache\ehcache-core\2.6.5\ehcache-core-2.6.5.jar;E:\Dev\repo\org\apache\commons\commons-lang3\3.1\commons-lang3-3.1.jar;E:\Dev\repo\commons-collections\commons-collections\3.2.1\commons-collections-3.2.1.jar;E:\Dev\repo\com\google\guava\guava\13.0.1\guava-13.0.1.jar;E:\Dev\repo\commons-io\commons-io\2.4\commons-io-2.4.jar;E:\Dev\repo\commons-codec\commons-codec\1.7\commons-codec-1.7.jar;E:\Dev\repo\commons-beanutils\commons-beanutils\1.8.3\commons-beanutils-1.8.3.jar;E:\Dev\repo\commons-fileupload\commons-fileupload\1.2.2\commons-fileupload-1.2.2.jar;E:\Dev\repo\joda-time\joda-time\2.2\joda-time-2.2.jar;E:\Dev\repo\joda-time\joda-time-hibernate\1.3\joda-time-hibernate-1.3.jar;E:\Dev\repo\joda-time\joda-time-jsptags\1.1.1\joda-time-jsptags-1.1.1.jar;"/>
    <property name="java.specification.name" value="Java Platform API Specification"/>
    <property name="java.class.version" value="51.0"/>
    <property name="sun.management.compiler" value="HotSpot 64-Bit Tiered Compilers"/>
    <property name="os.version" value="6.1"/>
    <property name="user.home" value="C:\Users\xinmingmao"/>
    <property name="user.timezone" value="Asia/Shanghai"/>
    <property name="java.awt.printerjob" value="sun.awt.windows.WPrinterJob"/>
    <property name="java.specification.version" value="1.7"/>
    <property name="file.encoding" value="GBK"/>
    <property name="user.name" value="xinmingmao"/>
    <property name="java.class.path" value="D:\project\es_91288_91288\es\es-common\target\test-classes;D:\project\es_91288_91288\es\es-common\target\classes;E:\Dev\repo\junit\junit\4.11\junit-4.11.jar;E:\Dev\repo\org\hamcrest\hamcrest-core\1.3\hamcrest-core-1.3.jar;E:\Dev\repo\org\mockito\mockito-all\1.9.5\mockito-all-1.9.5.jar;E:\Dev\repo\org\springframework\spring-test\3.2.2.RELEASE\spring-test-3.2.2.RELEASE.jar;E:\Dev\repo\org\springframework\spring-core\3.2.2.RELEASE\spring-core-3.2.2.RELEASE.jar;E:\Dev\repo\commons-logging\commons-logging\1.1.1\commons-logging-1.1.1.jar;E:\Dev\repo\org\slf4j\slf4j-api\1.7.3\slf4j-api-1.7.3.jar;E:\Dev\repo\ch\qos\logback\logback-classic\1.0.10\logback-classic-1.0.10.jar;E:\Dev\repo\ch\qos\logback\logback-core\1.0.10\logback-core-1.0.10.jar;E:\Dev\repo\org\springframework\spring-context\3.2.2.RELEASE\spring-context-3.2.2.RELEASE.jar;E:\Dev\repo\org\springframework\spring-aop\3.2.2.RELEASE\spring-aop-3.2.2.RELEASE.jar;E:\Dev\repo\org\springframework\spring-beans\3.2.2.RELEASE\spring-beans-3.2.2.RELEASE.jar;E:\Dev\repo\org\springframework\spring-expression\3.2.2.RELEASE\spring-expression-3.2.2.RELEASE.jar;E:\Dev\repo\org\springframework\spring-context-support\3.2.2.RELEASE\spring-context-support-3.2.2.RELEASE.jar;E:\Dev\repo\org\springframework\spring-jdbc\3.2.2.RELEASE\spring-jdbc-3.2.2.RELEASE.jar;E:\Dev\repo\org\springframework\spring-orm\3.2.2.RELEASE\spring-orm-3.2.2.RELEASE.jar;E:\Dev\repo\aopalliance\aopalliance\1.0\aopalliance-1.0.jar;E:\Dev\repo\org\springframework\spring-tx\3.2.2.RELEASE\spring-tx-3.2.2.RELEASE.jar;E:\Dev\repo\org\springframework\spring-webmvc\3.2.2.RELEASE\spring-webmvc-3.2.2.RELEASE.jar;E:\Dev\repo\org\springframework\spring-web\3.2.2.RELEASE\spring-web-3.2.2.RELEASE.jar;E:\Dev\repo\org\springframework\data\spring-data-jpa\1.2.0.RELEASE\spring-data-jpa-1.2.0.RELEASE.jar;E:\Dev\repo\org\springframework\data\spring-data-commons-core\1.4.0.RELEASE\spring-data-commons-core-1.4.0.RELEASE.jar;E:\Dev\repo\org\slf4j\jcl-over-slf4j\1.6.1\jcl-over-slf4j-1.6.1.jar;E:\Dev\repo\org\aspectj\aspectjrt\1.6.12\aspectjrt-1.6.12.jar;E:\Dev\repo\org\hibernate\hibernate-core\4.2.0.Final\hibernate-core-4.2.0.Final.jar;E:\Dev\repo\antlr\antlr\2.7.7\antlr-2.7.7.jar;E:\Dev\repo\org\jboss\logging\jboss-logging\3.1.0.GA\jboss-logging-3.1.0.GA.jar;E:\Dev\repo\org\jboss\spec\javax\transaction\jboss-transaction-api_1.1_spec\1.0.0.Final\jboss-transaction-api_1.1_spec-1.0.0.Final.jar;E:\Dev\repo\dom4j\dom4j\1.6.1\dom4j-1.6.1.jar;E:\Dev\repo\org\hibernate\javax\persistence\hibernate-jpa-2.0-api\1.0.1.Final\hibernate-jpa-2.0-api-1.0.1.Final.jar;E:\Dev\repo\org\javassist\javassist\3.15.0-GA\javassist-3.15.0-GA.jar;E:\Dev\repo\org\hibernate\hibernate-entitymanager\4.2.0.Final\hibernate-entitymanager-4.2.0.Final.jar;E:\Dev\repo\javassist\javassist\3.12.1.GA\javassist-3.12.1.GA.jar;E:\Dev\repo\org\hibernate\hibernate-ehcache\4.2.0.Final\hibernate-ehcache-4.2.0.Final.jar;E:\Dev\repo\org\hibernate\common\hibernate-commons-annotations\4.0.1.Final\hibernate-commons-annotations-4.0.1.Final.jar;E:\Dev\repo\org\hibernate\hibernate-validator\4.3.1.Final\hibernate-validator-4.3.1.Final.jar;E:\Dev\repo\javax\validation\validation-api\1.0.0.GA\validation-api-1.0.0.GA.jar;E:\Dev\repo\net\sf\ehcache\ehcache-core\2.6.5\ehcache-core-2.6.5.jar;E:\Dev\repo\org\apache\commons\commons-lang3\3.1\commons-lang3-3.1.jar;E:\Dev\repo\commons-collections\commons-collections\3.2.1\commons-collections-3.2.1.jar;E:\Dev\repo\com\google\guava\guava\13.0.1\guava-13.0.1.jar;E:\Dev\repo\commons-io\commons-io\2.4\commons-io-2.4.jar;E:\Dev\repo\commons-codec\commons-codec\1.7\commons-codec-1.7.jar;E:\Dev\repo\commons-beanutils\commons-beanutils\1.8.3\commons-beanutils-1.8.3.jar;E:\Dev\repo\commons-fileupload\commons-fileupload\1.2.2\commons-fileupload-1.2.2.jar;E:\Dev\repo\joda-time\joda-time\2.2\joda-time-2.2.jar;E:\Dev\repo\joda-time\joda-time-hibernate\1.3\joda-time-hibernate-1.3.jar;E:\Dev\repo\joda-time\joda-time-jsptags\1.1.1\joda-time-jsptags-1.1.1.jar;"/>
    <property name="java.vm.specification.version" value="1.7"/>
    <property name="sun.arch.data.model" value="64"/>
    <property name="java.home" value="C:\Program Files\Java\jdk1.7.0_02\jre"/>
    <property name="sun.java.command" value="D:\project\es_91288_91288\es\es-common\target\surefire\surefirebooter8111974993301598493.jar D:\project\es_91288_91288\es\es-common\target\surefire\surefire3722274955335145688tmp D:\project\es_91288_91288\es\es-common\target\surefire\surefire4507388309190354853tmp"/>
    <property name="java.specification.vendor" value="Oracle Corporation"/>
    <property name="user.language" value="zh"/>
    <property name="awt.toolkit" value="sun.awt.windows.WToolkit"/>
    <property name="java.vm.info" value="mixed mode"/>
    <property name="java.version" value="1.7.0_02"/>
    <property name="java.ext.dirs" value="C:\Program Files\Java\jdk1.7.0_02\jre\lib\ext;C:\Windows\Sun\Java\lib\ext"/>
    <property name="sun.boot.class.path" value="C:\Program Files\Java\jdk1.7.0_02\jre\lib\resources.jar;C:\Program Files\Java\jdk1.7.0_02\jre\lib\rt.jar;C:\Program Files\Java\jdk1.7.0_02\jre\lib\sunrsasign.jar;C:\Program Files\Java\jdk1.7.0_02\jre\lib\jsse.jar;C:\Program Files\Java\jdk1.7.0_02\jre\lib\jce.jar;C:\Program Files\Java\jdk1.7.0_02\jre\lib\charsets.jar;C:\Program Files\Java\jdk1.7.0_02\jre\classes"/>
    <property name="java.vendor" value="Oracle Corporation"/>
    <property name="localRepository" value="E:\Dev\repo"/>
    <property name="file.separator" value="\"/>
    <property name="java.vendor.url.bug" value="http://bugreport.sun.com/bugreport/"/>
    <property name="sun.cpu.endian" value="little"/>
    <property name="sun.io.unicode.encoding" value="UnicodeLittle"/>
    <property name="sun.desktop" value="windows"/>
    <property name="sun.cpu.isalist" value="amd64"/>
  </properties>
  <testcase time="0.669" classname="com.test.es.PetTypeRepositoryTest" name="testFindAll">
    <error message="Failed to load ApplicationContext" type="java.lang.IllegalStateException">java.lang.IllegalStateException: Failed to load ApplicationContext
	at org.springframework.test.context.CacheAwareContextLoaderDelegate.loadContext(CacheAwareContextLoaderDelegate.java:99)
	at org.springframework.test.context.TestContext.getApplicationContext(TestContext.java:122)
	at org.springframework.test.context.support.DependencyInjectionTestExecutionListener.injectDependencies(DependencyInjectionTestExecutionListener.java:109)
	at org.springframework.test.context.support.DependencyInjectionTestExecutionListener.prepareTestInstance(DependencyInjectionTestExecutionListener.java:75)
	at org.springframework.test.context.TestContextManager.prepareTestInstance(TestContextManager.java:312)
	at org.springframework.test.context.junit4.SpringJUnit4ClassRunner.createTest(SpringJUnit4ClassRunner.java:211)
	at org.springframework.test.context.junit4.SpringJUnit4ClassRunner$1.runReflectiveCall(SpringJUnit4ClassRunner.java:288)
	at org.junit.internal.runners.model.ReflectiveCallable.run(ReflectiveCallable.java:12)
	at org.springframework.test.context.junit4.SpringJUnit4ClassRunner.methodBlock(SpringJUnit4ClassRunner.java:284)
	at org.springframework.test.context.junit4.SpringJUnit4ClassRunner.runChild(SpringJUnit4ClassRunner.java:231)
	at org.springframework.test.context.junit4.SpringJUnit4ClassRunner.runChild(SpringJUnit4ClassRunner.java:88)
	at org.junit.runners.ParentRunner$3.run(ParentRunner.java:238)
	at org.junit.runners.ParentRunner$1.schedule(ParentRunner.java:63)
	at org.junit.runners.ParentRunner.runChildren(ParentRunner.java:236)
	at org.junit.runners.ParentRunner.access$000(ParentRunner.java:53)
	at org.junit.runners.ParentRunner$2.evaluate(ParentRunner.java:229)
	at org.springframework.test.context.junit4.statements.RunBeforeTestClassCallbacks.evaluate(RunBeforeTestClassCallbacks.java:61)
	at org.springframework.test.context.junit4.statements.RunAfterTestClassCallbacks.evaluate(RunAfterTestClassCallbacks.java:71)
	at org.junit.runners.ParentRunner.run(ParentRunner.java:309)
	at org.springframework.test.context.junit4.SpringJUnit4ClassRunner.run(SpringJUnit4ClassRunner.java:174)
	at org.apache.maven.surefire.junit4.JUnit4TestSet.execute(JUnit4TestSet.java:35)
	at org.apache.maven.surefire.junit4.JUnit4Provider.executeTestSet(JUnit4Provider.java:146)
	at org.apache.maven.surefire.junit4.JUnit4Provider.invoke(JUnit4Provider.java:97)
	at sun.reflect.NativeMethodAccessorImpl.invoke0(Native Method)
	at sun.reflect.NativeMethodAccessorImpl.invoke(NativeMethodAccessorImpl.java:57)
	at sun.reflect.DelegatingMethodAccessorImpl.invoke(DelegatingMethodAccessorImpl.java:43)
	at java.lang.reflect.Method.invoke(Method.java:601)
	at org.apache.maven.surefire.booter.ProviderFactory$ClassLoaderProxy.invoke(ProviderFactory.java:103)
	at $Proxy0.invoke(Unknown Source)
	at org.apache.maven.surefire.booter.SurefireStarter.invokeProvider(SurefireStarter.java:145)
	at org.apache.maven.surefire.booter.SurefireStarter.runSuitesInProcess(SurefireStarter.java:87)
	at org.apache.maven.surefire.booter.ForkedBooter.main(ForkedBooter.java:69)
Caused by: org.springframework.beans.factory.BeanCreationException: Error creating bean with name &apos;org.springframework.dao.annotation.PersistenceExceptionTranslationPostProcessor#0&apos;: Initialization of bean failed; nested exception is org.springframework.beans.factory.BeanCreationException: Error creating bean with name &apos;entityManagerFactory&apos; defined in class path resource [spring-datasource.xml]: Cannot resolve reference to bean &apos;dataSource&apos; while setting bean property &apos;dataSource&apos;; nested exception is org.springframework.beans.factory.CannotLoadBeanClassException: Cannot find class [org.apache.commons.dbcp.BasicDataSource] for bean with name &apos;dataSource&apos; defined in class path resource [spring-datasource.xml]; nested exception is java.lang.ClassNotFoundException: org.apache.commons.dbcp.BasicDataSource
Related cause: org.springframework.beans.factory.CannotLoadBeanClassException: Cannot find class [org.apache.commons.dbcp.BasicDataSource] for bean with name &apos;dataSource&apos; defined in class path resource [spring-datasource.xml]; nested exception is java.lang.ClassNotFoundException: org.apache.commons.dbcp.BasicDataSource
	at org.springframework.beans.factory.support.AbstractAutowireCapableBeanFactory.doCreateBean(AbstractAutowireCapableBeanFactory.java:532)
	at org.springframework.beans.factory.support.AbstractAutowireCapableBeanFactory.createBean(AbstractAutowireCapableBeanFactory.java:461)
	at org.springframework.beans.factory.support.AbstractBeanFactory$1.getObject(AbstractBeanFactory.java:295)
	at org.springframework.beans.factory.support.DefaultSingletonBeanRegistry.getSingleton(DefaultSingletonBeanRegistry.java:223)
	at org.springframework.beans.factory.support.AbstractBeanFactory.doGetBean(AbstractBeanFactory.java:292)
	at org.springframework.beans.factory.support.AbstractBeanFactory.getBean(AbstractBeanFactory.java:198)
	at org.springframework.context.support.AbstractApplicationContext.registerBeanPostProcessors(AbstractApplicationContext.java:741)
	at org.springframework.context.support.AbstractApplicationContext.refresh(AbstractApplicationContext.java:464)
	at org.springframework.test.context.support.AbstractGenericContextLoader.loadContext(AbstractGenericContextLoader.java:120)
	at org.springframework.test.context.support.AbstractGenericContextLoader.loadContext(AbstractGenericContextLoader.java:60)
	at org.springframework.test.context.support.AbstractDelegatingSmartContextLoader.delegateLoading(AbstractDelegatingSmartContextLoader.java:100)
	at org.springframework.test.context.support.AbstractDelegatingSmartContextLoader.loadContext(AbstractDelegatingSmartContextLoader.java:248)
	at org.springframework.test.context.CacheAwareContextLoaderDelegate.loadContextInternal(CacheAwareContextLoaderDelegate.java:64)
	at org.springframework.test.context.CacheAwareContextLoaderDelegate.loadContext(CacheAwareContextLoaderDelegate.java:91)
	... 31 more
Caused by: org.springframework.beans.factory.BeanCreationException: Error creating bean with name &apos;entityManagerFactory&apos; defined in class path resource [spring-datasource.xml]: Cannot resolve reference to bean &apos;dataSource&apos; while setting bean property &apos;dataSource&apos;; nested exception is org.springframework.beans.factory.CannotLoadBeanClassException: Cannot find class [org.apache.commons.dbcp.BasicDataSource] for bean with name &apos;dataSource&apos; defined in class path resource [spring-datasource.xml]; nested exception is java.lang.ClassNotFoundException: org.apache.commons.dbcp.BasicDataSource
	at org.springframework.beans.factory.support.BeanDefinitionValueResolver.resolveReference(BeanDefinitionValueResolver.java:329)
	at org.springframework.beans.factory.support.BeanDefinitionValueResolver.resolveValueIfNecessary(BeanDefinitionValueResolver.java:107)
	at org.springframework.beans.factory.support.AbstractAutowireCapableBeanFactory.applyPropertyValues(AbstractAutowireCapableBeanFactory.java:1393)
	at org.springframework.beans.factory.support.AbstractAutowireCapableBeanFactory.populateBean(AbstractAutowireCapableBeanFactory.java:1134)
	at org.springframework.beans.factory.support.AbstractAutowireCapableBeanFactory.doCreateBean(AbstractAutowireCapableBeanFactory.java:522)
	at org.springframework.beans.factory.support.AbstractAutowireCapableBeanFactory.createBean(AbstractAutowireCapableBeanFactory.java:461)
	at org.springframework.beans.factory.support.AbstractBeanFactory$1.getObject(AbstractBeanFactory.java:295)
	at org.springframework.beans.factory.support.DefaultSingletonBeanRegistry.getSingleton(DefaultSingletonBeanRegistry.java:223)
	at org.springframework.beans.factory.support.AbstractBeanFactory.doGetBean(AbstractBeanFactory.java:292)
	at org.springframework.beans.factory.support.AbstractBeanFactory.getBean(AbstractBeanFactory.java:198)
	at org.springframework.beans.factory.support.DefaultListableBeanFactory.getBeansOfType(DefaultListableBeanFactory.java:439)
	at org.springframework.beans.factory.BeanFactoryUtils.beansOfTypeIncludingAncestors(BeanFactoryUtils.java:277)
	at org.springframework.dao.support.PersistenceExceptionTranslationInterceptor.detectPersistenceExceptionTranslators(PersistenceExceptionTranslationInterceptor.java:139)
	at org.springframework.dao.support.PersistenceExceptionTranslationInterceptor.&lt;init&gt;(PersistenceExceptionTranslationInterceptor.java:79)
	at org.springframework.dao.annotation.PersistenceExceptionTranslationAdvisor.&lt;init&gt;(PersistenceExceptionTranslationAdvisor.java:71)
	at org.springframework.dao.annotation.PersistenceExceptionTranslationPostProcessor.setBeanFactory(PersistenceExceptionTranslationPostProcessor.java:85)
	at org.springframework.beans.factory.support.AbstractAutowireCapableBeanFactory.invokeAwareMethods(AbstractAutowireCapableBeanFactory.java:1508)
	at org.springframework.beans.factory.support.AbstractAutowireCapableBeanFactory.initializeBean(AbstractAutowireCapableBeanFactory.java:1476)
	at org.springframework.beans.factory.support.AbstractAutowireCapableBeanFactory.doCreateBean(AbstractAutowireCapableBeanFactory.java:524)
	... 44 more
Caused by: org.springframework.beans.factory.CannotLoadBeanClassException: Cannot find class [org.apache.commons.dbcp.BasicDataSource] for bean with name &apos;dataSource&apos; defined in class path resource [spring-datasource.xml]; nested exception is java.lang.ClassNotFoundException: org.apache.commons.dbcp.BasicDataSource
	at org.springframework.beans.factory.support.AbstractBeanFactory.resolveBeanClass(AbstractBeanFactory.java:1269)
	at org.springframework.beans.factory.support.AbstractAutowireCapableBeanFactory.createBean(AbstractAutowireCapableBeanFactory.java:438)
	at org.springframework.beans.factory.support.AbstractBeanFactory$1.getObject(AbstractBeanFactory.java:295)
	at org.springframework.beans.factory.support.DefaultSingletonBeanRegistry.getSingleton(DefaultSingletonBeanRegistry.java:223)
	at org.springframework.beans.factory.support.AbstractBeanFactory.doGetBean(AbstractBeanFactory.java:292)
	at org.springframework.beans.factory.support.AbstractBeanFactory.getBean(AbstractBeanFactory.java:194)
	at org.springframework.beans.factory.support.BeanDefinitionValueResolver.resolveReference(BeanDefinitionValueResolver.java:323)
	... 62 more
Caused by: java.lang.ClassNotFoundException: org.apache.commons.dbcp.BasicDataSource
	at java.net.URLClassLoader$1.run(URLClassLoader.java:366)
	at java.net.URLClassLoader$1.run(URLClassLoader.java:355)
	at java.security.AccessController.doPrivileged(Native Method)
	at java.net.URLClassLoader.findClass(URLClassLoader.java:354)
	at java.lang.ClassLoader.loadClass(ClassLoader.java:423)
	at sun.misc.Launcher$AppClassLoader.loadClass(Launcher.java:308)
	at java.lang.ClassLoader.loadClass(ClassLoader.java:356)
	at org.springframework.util.ClassUtils.forName(ClassUtils.java:260)
	at org.springframework.beans.factory.support.AbstractBeanDefinition.resolveBeanClass(AbstractBeanDefinition.java:416)
	at org.springframework.beans.factory.support.AbstractBeanFactory.doResolveBeanClass(AbstractBeanFactory.java:1290)
	at org.springframework.beans.factory.support.AbstractBeanFactory.resolveBeanClass(AbstractBeanFactory.java:1261)
	... 68 more
</error>
    <system-out>@HL
@HL-------------------------------------------------------
@HL T E S T S
@HL-------------------------------------------------------
@SLRunning com.test.es.PetTypeRepositoryTest
14:48:15,014 |-INFO in ch.qos.logback.classic.LoggerContext[default] - Could NOT find resource [logback.groovy]
14:48:15,014 |-INFO in ch.qos.logback.classic.LoggerContext[default] - Found resource [logback-test.xml] at [file:/D:/project/es_91288_91288/es/es-common/target/test-classes/logback-test.xml]
14:48:15,120 |-INFO in ch.qos.logback.core.joran.action.AppenderAction - About to instantiate appender of type [ch.qos.logback.core.ConsoleAppender]
14:48:15,125 |-INFO in ch.qos.logback.core.joran.action.AppenderAction - Naming appender as [STDOUT]
14:48:15,150 |-INFO in ch.qos.logback.core.joran.action.NestedComplexPropertyIA - Assuming default type [ch.qos.logback.classic.encoder.PatternLayoutEncoder] for [encoder] property
14:48:15,193 |-INFO in ch.qos.logback.core.joran.action.AppenderAction - About to instantiate appender of type [ch.qos.logback.core.rolling.RollingFileAppender]
14:48:15,196 |-INFO in ch.qos.logback.core.joran.action.AppenderAction - Naming appender as [ERROR]
14:48:15,226 |-INFO in c.q.l.core.rolling.TimeBasedRollingPolicy - No compression will be used
14:48:15,228 |-INFO in c.q.l.core.rolling.TimeBasedRollingPolicy - Will use the pattern log.dir_IS_UNDEFINED/es-error-%d{yyyy-MM-dd}.log for the active file
14:48:15,263 |-INFO in c.q.l.core.rolling.DefaultTimeBasedFileNamingAndTriggeringPolicy - The date pattern is &apos;yyyy-MM-dd&apos; from file name pattern &apos;log.dir_IS_UNDEFINED/es-error-%d{yyyy-MM-dd}.log&apos;.
14:48:15,263 |-INFO in c.q.l.core.rolling.DefaultTimeBasedFileNamingAndTriggeringPolicy - Roll-over at midnight.
14:48:15,266 |-INFO in c.q.l.core.rolling.DefaultTimeBasedFileNamingAndTriggeringPolicy - Setting initial period to Mon Apr 15 14:48:15 CST 2013
14:48:15,268 |-INFO in ch.qos.logback.core.joran.action.NestedComplexPropertyIA - Assuming default type [ch.qos.logback.classic.encoder.PatternLayoutEncoder] for [encoder] property
14:48:15,269 |-INFO in ch.qos.logback.core.rolling.RollingFileAppender[ERROR] - Active log file name: log.dir_IS_UNDEFINED/es-error-2013-04-15.log
14:48:15,269 |-INFO in ch.qos.logback.core.rolling.RollingFileAppender[ERROR] - File property is set to [null]
14:48:15,271 |-INFO in ch.qos.logback.core.joran.action.AppenderAction - About to instantiate appender of type [ch.qos.logback.core.rolling.RollingFileAppender]
14:48:15,271 |-INFO in ch.qos.logback.core.joran.action.AppenderAction - Naming appender as [ACCESS]
14:48:15,272 |-INFO in c.q.l.core.rolling.TimeBasedRollingPolicy - No compression will be used
14:48:15,273 |-INFO in c.q.l.core.rolling.TimeBasedRollingPolicy - Will use the pattern log.dir_IS_UNDEFINED/es-access-%d{yyyy-MM-dd}.log for the active file
14:48:15,273 |-INFO in c.q.l.core.rolling.DefaultTimeBasedFileNamingAndTriggeringPolicy - The date pattern is &apos;yyyy-MM-dd&apos; from file name pattern &apos;log.dir_IS_UNDEFINED/es-access-%d{yyyy-MM-dd}.log&apos;.
14:48:15,273 |-INFO in c.q.l.core.rolling.DefaultTimeBasedFileNamingAndTriggeringPolicy - Roll-over at midnight.
14:48:15,273 |-INFO in c.q.l.core.rolling.DefaultTimeBasedFileNamingAndTriggeringPolicy - Setting initial period to Mon Apr 15 14:48:15 CST 2013
14:48:15,274 |-INFO in ch.qos.logback.core.joran.action.NestedComplexPropertyIA - Assuming default type [ch.qos.logback.classic.encoder.PatternLayoutEncoder] for [encoder] property
14:48:15,275 |-INFO in ch.qos.logback.core.rolling.RollingFileAppender[ACCESS] - Active log file name: log.dir_IS_UNDEFINED/es-access-2013-04-15.log
14:48:15,275 |-INFO in ch.qos.logback.core.rolling.RollingFileAppender[ACCESS] - File property is set to [null]
14:48:15,275 |-INFO in ch.qos.logback.core.joran.action.AppenderAction - About to instantiate appender of type [ch.qos.logback.core.rolling.RollingFileAppender]
14:48:15,275 |-INFO in ch.qos.logback.core.joran.action.AppenderAction - Naming appender as [SYS-USER]
14:48:15,276 |-INFO in c.q.l.core.rolling.TimeBasedRollingPolicy - No compression will be used
14:48:15,277 |-INFO in c.q.l.core.rolling.TimeBasedRollingPolicy - Will use the pattern log.dir_IS_UNDEFINED/es-sys-user-%d{yyyy-MM-dd}.log for the active file
14:48:15,277 |-INFO in c.q.l.core.rolling.DefaultTimeBasedFileNamingAndTriggeringPolicy - The date pattern is &apos;yyyy-MM-dd&apos; from file name pattern &apos;log.dir_IS_UNDEFINED/es-sys-user-%d{yyyy-MM-dd}.log&apos;.
14:48:15,277 |-INFO in c.q.l.core.rolling.DefaultTimeBasedFileNamingAndTriggeringPolicy - Roll-over at midnight.
14:48:15,278 |-INFO in c.q.l.core.rolling.DefaultTimeBasedFileNamingAndTriggeringPolicy - Setting initial period to Mon Apr 15 14:48:15 CST 2013
14:48:15,278 |-INFO in ch.qos.logback.core.joran.action.NestedComplexPropertyIA - Assuming default type [ch.qos.logback.classic.encoder.PatternLayoutEncoder] for [encoder] property
14:48:15,280 |-INFO in ch.qos.logback.core.rolling.RollingFileAppender[SYS-USER] - Active log file name: log.dir_IS_UNDEFINED/es-sys-user-2013-04-15.log
14:48:15,286 |-INFO in ch.qos.logback.core.rolling.RollingFileAppender[SYS-USER] - File property is set to [null]
14:48:15,286 |-INFO in ch.qos.logback.classic.joran.action.RootLoggerAction - Setting level of ROOT logger to INFO
14:48:15,287 |-INFO in ch.qos.logback.core.joran.action.AppenderRefAction - Attaching appender named [STDOUT] to Logger[ROOT]
14:48:15,288 |-INFO in ch.qos.logback.classic.joran.action.LoggerAction - Setting level of logger [es-error] to INFO
14:48:15,289 |-INFO in ch.qos.logback.core.joran.action.AppenderRefAction - Attaching appender named [ERROR] to Logger[es-error]
14:48:15,289 |-INFO in ch.qos.logback.classic.joran.action.LoggerAction - Setting level of logger [es-access] to INFO
14:48:15,289 |-INFO in ch.qos.logback.core.joran.action.AppenderRefAction - Attaching appender named [ACCESS] to Logger[es-access]
14:48:15,289 |-INFO in ch.qos.logback.classic.joran.action.LoggerAction - Setting level of logger [es-sys-user] to INFO
14:48:15,289 |-INFO in ch.qos.logback.core.joran.action.AppenderRefAction - Attaching appender named [SYS-USER] to Logger[es-sys-user]
14:48:15,289 |-INFO in ch.qos.logback.classic.joran.action.ConfigurationAction - End of configuration.
14:48:15,291 |-INFO in ch.qos.logback.classic.joran.JoranConfigurator@6adb93a2 - Registering current configuration as safe fallback point
14:48:15.489 [main] INFO  o.s.b.f.xml.XmlBeanDefinitionReader - Loading XML bean definitions from class path resource [spring-datasource.xml]
14:48:15.802 [main] INFO  o.s.c.s.GenericApplicationContext - Refreshing org.springframework.context.support.GenericApplicationContext@3a55b9b: startup date [Mon Apr 15 14:48:15 CST 2013]; root of context hierarchy
14:48:15.891 [main] INFO  o.s.c.s.PropertySourcesPlaceholderConfigurer - Loading properties file from class path resource [jdbc.properties]
14:48:15.983 [main] INFO  o.s.b.f.s.DefaultListableBeanFactory - Destroying singletons in org.springframework.beans.factory.support.DefaultListableBeanFactory@5f6944fb: defining beans [org.springframework.context.support.PropertySourcesPlaceholderConfigurer#0,dataSource,petTypeRepository,baseRepository,org.springframework.data.repository.core.support.RepositoryInterfaceAwareBeanPostProcessor#0,org.springframework.dao.annotation.PersistenceExceptionTranslationPostProcessor#0,org.springframework.orm.jpa.support.PersistenceAnnotationBeanPostProcessor#0,entityManagerFactory,transactionManager,org.springframework.aop.config.internalAutoProxyCreator,org.springframework.transaction.annotation.AnnotationTransactionAttributeSource#0,org.springframework.transaction.interceptor.TransactionInterceptor#0,org.springframework.transaction.config.internalTransactionAdvisor,org.springframework.context.annotation.internalConfigurationAnnotationProcessor,org.springframework.context.annotation.internalAutowiredAnnotationProcessor,org.springframework.context.annotation.internalRequiredAnnotationProcessor,org.springframework.context.annotation.internalCommonAnnotationProcessor,org.springframework.context.annotation.internalPersistenceAnnotationProcessor,org.springframework.context.annotation.ConfigurationClassPostProcessor.importAwareProcessor]; root of factory hierarchy
14:48:15.993 [main] ERROR o.s.test.context.TestContextManager - Caught exception while allowing TestExecutionListener [org.springframework.test.context.support.DependencyInjectionTestExecutionListener@4a69de7c] to prepare test instance [com.test.es.PetTypeRepositoryTest@6c8dc50e]
java.lang.IllegalStateException: Failed to load ApplicationContext
	at org.springframework.test.context.CacheAwareContextLoaderDelegate.loadContext(CacheAwareContextLoaderDelegate.java:99) ~[spring-test-3.2.2.RELEASE.jar:3.2.2.RELEASE]
	at org.springframework.test.context.TestContext.getApplicationContext(TestContext.java:122) ~[spring-test-3.2.2.RELEASE.jar:3.2.2.RELEASE]
	at org.springframework.test.context.support.DependencyInjectionTestExecutionListener.injectDependencies(DependencyInjectionTestExecutionListener.java:109) ~[spring-test-3.2.2.RELEASE.jar:3.2.2.RELEASE]
	at org.springframework.test.context.support.DependencyInjectionTestExecutionListener.prepareTestInstance(DependencyInjectionTestExecutionListener.java:75) ~[spring-test-3.2.2.RELEASE.jar:3.2.2.RELEASE]
	at org.springframework.test.context.TestContextManager.prepareTestInstance(TestContextManager.java:312) ~[spring-test-3.2.2.RELEASE.jar:3.2.2.RELEASE]
	at org.springframework.test.context.junit4.SpringJUnit4ClassRunner.createTest(SpringJUnit4ClassRunner.java:211) [spring-test-3.2.2.RELEASE.jar:3.2.2.RELEASE]
	at org.springframework.test.context.junit4.SpringJUnit4ClassRunner$1.runReflectiveCall(SpringJUnit4ClassRunner.java:288) [spring-test-3.2.2.RELEASE.jar:3.2.2.RELEASE]
	at org.junit.internal.runners.model.ReflectiveCallable.run(ReflectiveCallable.java:12) [junit-4.11.jar:na]
	at org.springframework.test.context.junit4.SpringJUnit4ClassRunner.methodBlock(SpringJUnit4ClassRunner.java:284) [spring-test-3.2.2.RELEASE.jar:3.2.2.RELEASE]
	at org.springframework.test.context.junit4.SpringJUnit4ClassRunner.runChild(SpringJUnit4ClassRunner.java:231) [spring-test-3.2.2.RELEASE.jar:3.2.2.RELEASE]
	at org.springframework.test.context.junit4.SpringJUnit4ClassRunner.runChild(SpringJUnit4ClassRunner.java:88) [spring-test-3.2.2.RELEASE.jar:3.2.2.RELEASE]
	at org.junit.runners.ParentRunner$3.run(ParentRunner.java:238) [junit-4.11.jar:na]
	at org.junit.runners.ParentRunner$1.schedule(ParentRunner.java:63) [junit-4.11.jar:na]
	at org.junit.runners.ParentRunner.runChildren(ParentRunner.java:236) [junit-4.11.jar:na]
	at org.junit.runners.ParentRunner.access$000(ParentRunner.java:53) [junit-4.11.jar:na]
	at org.junit.runners.ParentRunner$2.evaluate(ParentRunner.java:229) [junit-4.11.jar:na]
	at org.springframework.test.context.junit4.statements.RunBeforeTestClassCallbacks.evaluate(RunBeforeTestClassCallbacks.java:61) [spring-test-3.2.2.RELEASE.jar:3.2.2.RELEASE]
	at org.springframework.test.context.junit4.statements.RunAfterTestClassCallbacks.evaluate(RunAfterTestClassCallbacks.java:71) [spring-test-3.2.2.RELEASE.jar:3.2.2.RELEASE]
	at org.junit.runners.ParentRunner.run(ParentRunner.java:309) [junit-4.11.jar:na]
	at org.springframework.test.context.junit4.SpringJUnit4ClassRunner.run(SpringJUnit4ClassRunner.java:174) [spring-test-3.2.2.RELEASE.jar:3.2.2.RELEASE]
	at org.apache.maven.surefire.junit4.JUnit4TestSet.execute(JUnit4TestSet.java:35) [surefire-junit4-2.7.1.jar:2.7.1]
	at org.apache.maven.surefire.junit4.JUnit4Provider.executeTestSet(JUnit4Provider.java:146) [surefire-junit4-2.7.1.jar:2.7.1]
	at org.apache.maven.surefire.junit4.JUnit4Provider.invoke(JUnit4Provider.java:97) [surefire-junit4-2.7.1.jar:2.7.1]
	at sun.reflect.NativeMethodAccessorImpl.invoke0(Native Method) ~[na:1.7.0_02]
	at sun.reflect.NativeMethodAccessorImpl.invoke(NativeMethodAccessorImpl.java:57) ~[na:1.7.0_02]
	at sun.reflect.DelegatingMethodAccessorImpl.invoke(DelegatingMethodAccessorImpl.java:43) ~[na:1.7.0_02]
	at java.lang.reflect.Method.invoke(Method.java:601) ~[na:1.7.0_02]
	at org.apache.maven.surefire.booter.ProviderFactory$ClassLoaderProxy.invoke(ProviderFactory.java:103) [surefire-booter-2.7.1.jar:2.7.1]
	at $Proxy0.invoke(Unknown Source) [na:na]
	at org.apache.maven.surefire.booter.SurefireStarter.invokeProvider(SurefireStarter.java:145) [surefire-booter-2.7.1.jar:2.7.1]
	at org.apache.maven.surefire.booter.SurefireStarter.runSuitesInProcess(SurefireStarter.java:87) [surefire-booter-2.7.1.jar:2.7.1]
	at org.apache.maven.surefire.booter.ForkedBooter.main(ForkedBooter.java:69) [surefire-booter-2.7.1.jar:2.7.1]
Caused by: org.springframework.beans.factory.BeanCreationException: Error creating bean with name &apos;org.springframework.dao.annotation.PersistenceExceptionTranslationPostProcessor#0&apos;: Initialization of bean failed; nested exception is org.springframework.beans.factory.BeanCreationException: Error creating bean with name &apos;entityManagerFactory&apos; defined in class path resource [spring-datasource.xml]: Cannot resolve reference to bean &apos;dataSource&apos; while setting bean property &apos;dataSource&apos;; nested exception is org.springframework.beans.factory.CannotLoadBeanClassException: Cannot find class [org.apache.commons.dbcp.BasicDataSource] for bean with name &apos;dataSource&apos; defined in class path resource [spring-datasource.xml]; nested exception is java.lang.ClassNotFoundException: org.apache.commons.dbcp.BasicDataSource
	at org.springframework.beans.factory.support.AbstractAutowireCapableBeanFactory.doCreateBean(AbstractAutowireCapableBeanFactory.java:532) ~[spring-beans-3.2.2.RELEASE.jar:3.2.2.RELEASE]
	at org.springframework.beans.factory.support.AbstractAutowireCapableBeanFactory.createBean(AbstractAutowireCapableBeanFactory.java:461) ~[spring-beans-3.2.2.RELEASE.jar:3.2.2.RELEASE]
	at org.springframework.beans.factory.support.AbstractBeanFactory$1.getObject(AbstractBeanFactory.java:295) ~[spring-beans-3.2.2.RELEASE.jar:3.2.2.RELEASE]
	at org.springframework.beans.factory.support.DefaultSingletonBeanRegistry.getSingleton(DefaultSingletonBeanRegistry.java:223) ~[spring-beans-3.2.2.RELEASE.jar:3.2.2.RELEASE]
	at org.springframework.beans.factory.support.AbstractBeanFactory.doGetBean(AbstractBeanFactory.java:292) ~[spring-beans-3.2.2.RELEASE.jar:3.2.2.RELEASE]
	at org.springframework.beans.factory.support.AbstractBeanFactory.getBean(AbstractBeanFactory.java:198) ~[spring-beans-3.2.2.RELEASE.jar:3.2.2.RELEASE]
	at org.springframework.context.support.AbstractApplicationContext.registerBeanPostProcessors(AbstractApplicationContext.java:741) ~[spring-context-3.2.2.RELEASE.jar:3.2.2.RELEASE]
	at org.springframework.context.support.AbstractApplicationContext.refresh(AbstractApplicationContext.java:464) ~[spring-context-3.2.2.RELEASE.jar:3.2.2.RELEASE]
	at org.springframework.test.context.support.AbstractGenericContextLoader.loadContext(AbstractGenericContextLoader.java:120) ~[spring-test-3.2.2.RELEASE.jar:3.2.2.RELEASE]
	at org.springframework.test.context.support.AbstractGenericContextLoader.loadContext(AbstractGenericContextLoader.java:60) ~[spring-test-3.2.2.RELEASE.jar:3.2.2.RELEASE]
	at org.springframework.test.context.support.AbstractDelegatingSmartContextLoader.delegateLoading(AbstractDelegatingSmartContextLoader.java:100) ~[spring-test-3.2.2.RELEASE.jar:3.2.2.RELEASE]
	at org.springframework.test.context.support.AbstractDelegatingSmartContextLoader.loadContext(AbstractDelegatingSmartContextLoader.java:248) ~[spring-test-3.2.2.RELEASE.jar:3.2.2.RELEASE]
	at org.springframework.test.context.CacheAwareContextLoaderDelegate.loadContextInternal(CacheAwareContextLoaderDelegate.java:64) ~[spring-test-3.2.2.RELEASE.jar:3.2.2.RELEASE]
	at org.springframework.test.context.CacheAwareContextLoaderDelegate.loadContext(CacheAwareContextLoaderDelegate.java:91) ~[spring-test-3.2.2.RELEASE.jar:3.2.2.RELEASE]
	... 31 common frames omitted
Caused by: org.springframework.beans.factory.BeanCreationException: Error creating bean with name &apos;entityManagerFactory&apos; defined in class path resource [spring-datasource.xml]: Cannot resolve reference to bean &apos;dataSource&apos; while setting bean property &apos;dataSource&apos;; nested exception is org.springframework.beans.factory.CannotLoadBeanClassException: Cannot find class [org.apache.commons.dbcp.BasicDataSource] for bean with name &apos;dataSource&apos; defined in class path resource [spring-datasource.xml]; nested exception is java.lang.ClassNotFoundException: org.apache.commons.dbcp.BasicDataSource
	at org.springframework.beans.factory.support.BeanDefinitionValueResolver.resolveReference(BeanDefinitionValueResolver.java:329) ~[spring-beans-3.2.2.RELEASE.jar:3.2.2.RELEASE]
	at org.springframework.beans.factory.support.BeanDefinitionValueResolver.resolveValueIfNecessary(BeanDefinitionValueResolver.java:107) ~[spring-beans-3.2.2.RELEASE.jar:3.2.2.RELEASE]
	at org.springframework.beans.factory.support.AbstractAutowireCapableBeanFactory.applyPropertyValues(AbstractAutowireCapableBeanFactory.java:1393) ~[spring-beans-3.2.2.RELEASE.jar:3.2.2.RELEASE]
	at org.springframework.beans.factory.support.AbstractAutowireCapableBeanFactory.populateBean(AbstractAutowireCapableBeanFactory.java:1134) ~[spring-beans-3.2.2.RELEASE.jar:3.2.2.RELEASE]
	at org.springframework.beans.factory.support.AbstractAutowireCapableBeanFactory.doCreateBean(AbstractAutowireCapableBeanFactory.java:522) ~[spring-beans-3.2.2.RELEASE.jar:3.2.2.RELEASE]
	at org.springframework.beans.factory.support.AbstractAutowireCapableBeanFactory.createBean(AbstractAutowireCapableBeanFactory.java:461) ~[spring-beans-3.2.2.RELEASE.jar:3.2.2.RELEASE]
	at org.springframework.beans.factory.support.AbstractBeanFactory$1.getObject(AbstractBeanFactory.java:295) ~[spring-beans-3.2.2.RELEASE.jar:3.2.2.RELEASE]
	at org.springframework.beans.factory.support.DefaultSingletonBeanRegistry.getSingleton(DefaultSingletonBeanRegistry.java:223) ~[spring-beans-3.2.2.RELEASE.jar:3.2.2.RELEASE]
	at org.springframework.beans.factory.support.AbstractBeanFactory.doGetBean(AbstractBeanFactory.java:292) ~[spring-beans-3.2.2.RELEASE.jar:3.2.2.RELEASE]
	at org.springframework.beans.factory.support.AbstractBeanFactory.getBean(AbstractBeanFactory.java:198) ~[spring-beans-3.2.2.RELEASE.jar:3.2.2.RELEASE]
	at org.springframework.beans.factory.support.DefaultListableBeanFactory.getBeansOfType(DefaultListableBeanFactory.java:439) ~[spring-beans-3.2.2.RELEASE.jar:3.2.2.RELEASE]
	at org.springframework.beans.factory.BeanFactoryUtils.beansOfTypeIncludingAncestors(BeanFactoryUtils.java:277) ~[spring-beans-3.2.2.RELEASE.jar:3.2.2.RELEASE]
	at org.springframework.dao.support.PersistenceExceptionTranslationInterceptor.detectPersistenceExceptionTranslators(PersistenceExceptionTranslationInterceptor.java:139) ~[spring-tx-3.2.2.RELEASE.jar:3.2.2.RELEASE]
	at org.springframework.dao.support.PersistenceExceptionTranslationInterceptor.&lt;init&gt;(PersistenceExceptionTranslationInterceptor.java:79) ~[spring-tx-3.2.2.RELEASE.jar:3.2.2.RELEASE]
	at org.springframework.dao.annotation.PersistenceExceptionTranslationAdvisor.&lt;init&gt;(PersistenceExceptionTranslationAdvisor.java:71) ~[spring-tx-3.2.2.RELEASE.jar:3.2.2.RELEASE]
	at org.springframework.dao.annotation.PersistenceExceptionTranslationPostProcessor.setBeanFactory(PersistenceExceptionTranslationPostProcessor.java:85) ~[spring-tx-3.2.2.RELEASE.jar:3.2.2.RELEASE]
	at org.springframework.beans.factory.support.AbstractAutowireCapableBeanFactory.invokeAwareMethods(AbstractAutowireCapableBeanFactory.java:1508) ~[spring-beans-3.2.2.RELEASE.jar:3.2.2.RELEASE]
	at org.springframework.beans.factory.support.AbstractAutowireCapableBeanFactory.initializeBean(AbstractAutowireCapableBeanFactory.java:1476) ~[spring-beans-3.2.2.RELEASE.jar:3.2.2.RELEASE]
	at org.springframework.beans.factory.support.AbstractAutowireCapableBeanFactory.doCreateBean(AbstractAutowireCapableBeanFactory.java:524) ~[spring-beans-3.2.2.RELEASE.jar:3.2.2.RELEASE]
	... 44 common frames omitted
Caused by: org.springframework.beans.factory.CannotLoadBeanClassException: Cannot find class [org.apache.commons.dbcp.BasicDataSource] for bean with name &apos;dataSource&apos; defined in class path resource [spring-datasource.xml]; nested exception is java.lang.ClassNotFoundException: org.apache.commons.dbcp.BasicDataSource
	at org.springframework.beans.factory.support.AbstractBeanFactory.resolveBeanClass(AbstractBeanFactory.java:1269) ~[spring-beans-3.2.2.RELEASE.jar:3.2.2.RELEASE]
	at org.springframework.beans.factory.support.AbstractAutowireCapableBeanFactory.createBean(AbstractAutowireCapableBeanFactory.java:438) ~[spring-beans-3.2.2.RELEASE.jar:3.2.2.RELEASE]
	at org.springframework.beans.factory.support.AbstractBeanFactory$1.getObject(AbstractBeanFactory.java:295) ~[spring-beans-3.2.2.RELEASE.jar:3.2.2.RELEASE]
	at org.springframework.beans.factory.support.DefaultSingletonBeanRegistry.getSingleton(DefaultSingletonBeanRegistry.java:223) ~[spring-beans-3.2.2.RELEASE.jar:3.2.2.RELEASE]
	at org.springframework.beans.factory.support.AbstractBeanFactory.doGetBean(AbstractBeanFactory.java:292) ~[spring-beans-3.2.2.RELEASE.jar:3.2.2.RELEASE]
	at org.springframework.beans.factory.support.AbstractBeanFactory.getBean(AbstractBeanFactory.java:194) ~[spring-beans-3.2.2.RELEASE.jar:3.2.2.RELEASE]
	at org.springframework.beans.factory.support.BeanDefinitionValueResolver.resolveReference(BeanDefinitionValueResolver.java:323) ~[spring-beans-3.2.2.RELEASE.jar:3.2.2.RELEASE]
	... 62 common frames omitted
Caused by: java.lang.ClassNotFoundException: org.apache.commons.dbcp.BasicDataSource
	at java.net.URLClassLoader$1.run(URLClassLoader.java:366) ~[na:1.7.0_02]
	at java.net.URLClassLoader$1.run(URLClassLoader.java:355) ~[na:1.7.0_02]
	at java.security.AccessController.doPrivileged(Native Method) ~[na:1.7.0_02]
	at java.net.URLClassLoader.findClass(URLClassLoader.java:354) ~[na:1.7.0_02]
	at java.lang.ClassLoader.loadClass(ClassLoader.java:423) ~[na:1.7.0_02]
	at sun.misc.Launcher$AppClassLoader.loadClass(Launcher.java:308) ~[na:1.7.0_02]
	at java.lang.ClassLoader.loadClass(ClassLoader.java:356) ~[na:1.7.0_02]
	at org.springframework.util.ClassUtils.forName(ClassUtils.java:260) ~[spring-core-3.2.2.RELEASE.jar:3.2.2.RELEASE]
	at org.springframework.beans.factory.support.AbstractBeanDefinition.resolveBeanClass(AbstractBeanDefinition.java:416) ~[spring-beans-3.2.2.RELEASE.jar:3.2.2.RELEASE]
	at org.springframework.beans.factory.support.AbstractBeanFactory.doResolveBeanClass(AbstractBeanFactory.java:1290) ~[spring-beans-3.2.2.RELEASE.jar:3.2.2.RELEASE]
	at org.springframework.beans.factory.support.AbstractBeanFactory.resolveBeanClass(AbstractBeanFactory.java:1261) ~[spring-beans-3.2.2.RELEASE.jar:3.2.2.RELEASE]
	... 68 common frames omitted
</system-out>
  </testcase>
</testsuite>