<?xml version="1.0" encoding="UTF-8" ?>
<testsuite failures="0" time="0.013" errors="0" skipped="0" tests="1" name="com.test.es.AppTest">
  <properties>
    <property name="java.runtime.name" value="Java(TM) SE Runtime Environment"/>
    <property name="sun.boot.library.path" value="C:\Program Files\Java\jdk1.7.0_02\jre\bin"/>
    <property name="java.vm.version" value="22.0-b10"/>
    <property name="java.vm.vendor" value="Oracle Corporation"/>
    <property name="java.vendor.url" value="http://java.oracle.com/"/>
    <property name="path.separator" value=";"/>
    <property name="java.vm.name" value="Java HotSpot(TM) 64-Bit Server VM"/>
    <property name="file.encoding.pkg" value="sun.io"/>
    <property name="user.script" value=""/>
    <property name="user.country" value="CN"/>
    <property name="sun.java.launcher" value="SUN_STANDARD"/>
    <property name="sun.os.patch.level" value="Service Pack 1"/>
    <property name="java.vm.specification.name" value="Java Virtual Machine Specification"/>
    <property name="user.dir" value="D:\project\es_91288_91288\es\es-common"/>
    <property name="java.runtime.version" value="1.7.0_02-b13"/>
    <property name="java.awt.graphicsenv" value="sun.awt.Win32GraphicsEnvironment"/>
    <property name="basedir" value="D:\project\es_91288_91288\es\es-common"/>
    <property name="java.endorsed.dirs" value="C:\Program Files\Java\jdk1.7.0_02\jre\lib\endorsed"/>
    <property name="os.arch" value="amd64"/>
    <property name="surefire.real.class.path" value="D:\project\es_91288_91288\es\es-common\target\surefire\surefirebooter1643605912115966503.jar"/>
    <property name="java.io.tmpdir" value="C:\Users\XINMIN~1\AppData\Local\Temp\"/>
    <property name="line.separator" value="
"/>
    <property name="java.vm.specification.vendor" value="Oracle Corporation"/>
    <property name="user.variant" value=""/>
    <property name="os.name" value="Windows 7"/>
    <property name="sun.jnu.encoding" value="GBK"/>
    <property name="java.library.path" value="C:\Program Files\Java\jdk1.7.0_02\jre\bin;C:\Windows\Sun\Java\bin;C:\Windows\system32;C:\Windows;C:\Program Files (x86)\AMD APP\bin\x86_64;C:\Program Files (x86)\AMD APP\bin\x86;C:\Program Files (x86)\NVIDIA Corporation\PhysX\Common;C:\Windows\system32;C:\Windows;C:\Windows\System32\Wbem;C:\Windows\System32\WindowsPowerShell\v1.0\;C:\Program Files (x86)\ATI Technologies\ATI.ACE\Core-Static;.;C:\Program Files\Java\jdk1.7.0_02\bin;D:\apache-maven-2.2.1\bin;C:\Program Files\SlikSvn\bin;E:\apache-ant-1.8.2-bin\apache-ant-1.8.2\bin;C:\Program Files\TortoiseSVN\bin;C:\Python27;C:\Program Files\TortoiseGit\bin;D:\TDDOWNLOAD\gradle-1.1-all\gradle-1.1\bin;D:\Program Files\erang\erl5.9.2\bin\erl.exe;D:\Program Files\RabbitMQ\sbin;C:\Program Files\VanDyke Software\Clients\;D:\Program Files\gradle-1.3\bin;C:\Sun\jwsdp-2.0\jwsdp-shared\bin;."/>
    <property name="surefire.test.class.path" value="D:\project\es_91288_91288\es\es-common\target\test-classes;D:\project\es_91288_91288\es\es-common\target\classes;E:\Dev\repo\junit\junit\3.8.1\junit-3.8.1.jar;E:\Dev\repo\org\mockito\mockito-all\1.9.5\mockito-all-1.9.5.jar;E:\Dev\repo\org\springframework\spring-test\3.2.2.RELEASE\spring-test-3.2.2.RELEASE.jar;E:\Dev\repo\org\springframework\spring-core\3.2.2.RELEASE\spring-core-3.2.2.RELEASE.jar;E:\Dev\repo\commons-logging\commons-logging\1.1.1\commons-logging-1.1.1.jar;E:\Dev\repo\org\slf4j\slf4j-api\1.7.3\slf4j-api-1.7.3.jar;E:\Dev\repo\ch\qos\logback\logback-classic\1.0.10\logback-classic-1.0.10.jar;E:\Dev\repo\ch\qos\logback\logback-core\1.0.10\logback-core-1.0.10.jar;E:\Dev\repo\org\springframework\spring-context\3.2.2.RELEASE\spring-context-3.2.2.RELEASE.jar;E:\Dev\repo\org\springframework\spring-aop\3.2.2.RELEASE\spring-aop-3.2.2.RELEASE.jar;E:\Dev\repo\org\springframework\spring-beans\3.2.2.RELEASE\spring-beans-3.2.2.RELEASE.jar;E:\Dev\repo\org\springframework\spring-expression\3.2.2.RELEASE\spring-expression-3.2.2.RELEASE.jar;E:\Dev\repo\org\springframework\spring-context-support\3.2.2.RELEASE\spring-context-support-3.2.2.RELEASE.jar;E:\Dev\repo\org\springframework\spring-jdbc\3.2.2.RELEASE\spring-jdbc-3.2.2.RELEASE.jar;E:\Dev\repo\org\springframework\spring-orm\3.2.2.RELEASE\spring-orm-3.2.2.RELEASE.jar;E:\Dev\repo\aopalliance\aopalliance\1.0\aopalliance-1.0.jar;E:\Dev\repo\org\springframework\spring-tx\3.2.2.RELEASE\spring-tx-3.2.2.RELEASE.jar;E:\Dev\repo\org\springframework\spring-webmvc\3.2.2.RELEASE\spring-webmvc-3.2.2.RELEASE.jar;E:\Dev\repo\org\springframework\spring-web\3.2.2.RELEASE\spring-web-3.2.2.RELEASE.jar;E:\Dev\repo\org\springframework\data\spring-data-jpa\1.2.0.RELEASE\spring-data-jpa-1.2.0.RELEASE.jar;E:\Dev\repo\org\springframework\data\spring-data-commons-core\1.4.0.RELEASE\spring-data-commons-core-1.4.0.RELEASE.jar;E:\Dev\repo\org\slf4j\jcl-over-slf4j\1.6.1\jcl-over-slf4j-1.6.1.jar;E:\Dev\repo\org\aspectj\aspectjrt\1.6.12\aspectjrt-1.6.12.jar;E:\Dev\repo\org\hibernate\hibernate-core\4.2.0.Final\hibernate-core-4.2.0.Final.jar;E:\Dev\repo\antlr\antlr\2.7.7\antlr-2.7.7.jar;E:\Dev\repo\org\jboss\logging\jboss-logging\3.1.0.GA\jboss-logging-3.1.0.GA.jar;E:\Dev\repo\org\jboss\spec\javax\transaction\jboss-transaction-api_1.1_spec\1.0.0.Final\jboss-transaction-api_1.1_spec-1.0.0.Final.jar;E:\Dev\repo\dom4j\dom4j\1.6.1\dom4j-1.6.1.jar;E:\Dev\repo\org\hibernate\javax\persistence\hibernate-jpa-2.0-api\1.0.1.Final\hibernate-jpa-2.0-api-1.0.1.Final.jar;E:\Dev\repo\org\javassist\javassist\3.15.0-GA\javassist-3.15.0-GA.jar;E:\Dev\repo\org\hibernate\hibernate-entitymanager\4.2.0.Final\hibernate-entitymanager-4.2.0.Final.jar;E:\Dev\repo\javassist\javassist\3.12.1.GA\javassist-3.12.1.GA.jar;E:\Dev\repo\org\hibernate\hibernate-ehcache\4.2.0.Final\hibernate-ehcache-4.2.0.Final.jar;E:\Dev\repo\org\hibernate\common\hibernate-commons-annotations\4.0.1.Final\hibernate-commons-annotations-4.0.1.Final.jar;E:\Dev\repo\org\hibernate\hibernate-validator\4.3.1.Final\hibernate-validator-4.3.1.Final.jar;E:\Dev\repo\javax\validation\validation-api\1.0.0.GA\validation-api-1.0.0.GA.jar;E:\Dev\repo\net\sf\ehcache\ehcache-core\2.6.5\ehcache-core-2.6.5.jar;E:\Dev\repo\org\apache\commons\commons-lang3\3.1\commons-lang3-3.1.jar;E:\Dev\repo\commons-collections\commons-collections\3.2.1\commons-collections-3.2.1.jar;E:\Dev\repo\com\google\guava\guava\13.0.1\guava-13.0.1.jar;E:\Dev\repo\commons-io\commons-io\2.4\commons-io-2.4.jar;E:\Dev\repo\commons-codec\commons-codec\1.7\commons-codec-1.7.jar;E:\Dev\repo\commons-beanutils\commons-beanutils\1.8.3\commons-beanutils-1.8.3.jar;E:\Dev\repo\commons-fileupload\commons-fileupload\1.2.2\commons-fileupload-1.2.2.jar;E:\Dev\repo\joda-time\joda-time\2.2\joda-time-2.2.jar;E:\Dev\repo\joda-time\joda-time-hibernate\1.3\joda-time-hibernate-1.3.jar;E:\Dev\repo\joda-time\joda-time-jsptags\1.1.1\joda-time-jsptags-1.1.1.jar;"/>
    <property name="java.specification.name" value="Java Platform API Specification"/>
    <property name="java.class.version" value="51.0"/>
    <property name="sun.management.compiler" value="HotSpot 64-Bit Tiered Compilers"/>
    <property name="os.version" value="6.1"/>
    <property name="user.home" value="C:\Users\xinmingmao"/>
    <property name="user.timezone" value=""/>
    <property name="java.awt.printerjob" value="sun.awt.windows.WPrinterJob"/>
    <property name="java.specification.version" value="1.7"/>
    <property name="file.encoding" value="GBK"/>
    <property name="user.name" value="xinmingmao"/>
    <property name="java.class.path" value="D:\project\es_91288_91288\es\es-common\target\test-classes;D:\project\es_91288_91288\es\es-common\target\classes;E:\Dev\repo\junit\junit\3.8.1\junit-3.8.1.jar;E:\Dev\repo\org\mockito\mockito-all\1.9.5\mockito-all-1.9.5.jar;E:\Dev\repo\org\springframework\spring-test\3.2.2.RELEASE\spring-test-3.2.2.RELEASE.jar;E:\Dev\repo\org\springframework\spring-core\3.2.2.RELEASE\spring-core-3.2.2.RELEASE.jar;E:\Dev\repo\commons-logging\commons-logging\1.1.1\commons-logging-1.1.1.jar;E:\Dev\repo\org\slf4j\slf4j-api\1.7.3\slf4j-api-1.7.3.jar;E:\Dev\repo\ch\qos\logback\logback-classic\1.0.10\logback-classic-1.0.10.jar;E:\Dev\repo\ch\qos\logback\logback-core\1.0.10\logback-core-1.0.10.jar;E:\Dev\repo\org\springframework\spring-context\3.2.2.RELEASE\spring-context-3.2.2.RELEASE.jar;E:\Dev\repo\org\springframework\spring-aop\3.2.2.RELEASE\spring-aop-3.2.2.RELEASE.jar;E:\Dev\repo\org\springframework\spring-beans\3.2.2.RELEASE\spring-beans-3.2.2.RELEASE.jar;E:\Dev\repo\org\springframework\spring-expression\3.2.2.RELEASE\spring-expression-3.2.2.RELEASE.jar;E:\Dev\repo\org\springframework\spring-context-support\3.2.2.RELEASE\spring-context-support-3.2.2.RELEASE.jar;E:\Dev\repo\org\springframework\spring-jdbc\3.2.2.RELEASE\spring-jdbc-3.2.2.RELEASE.jar;E:\Dev\repo\org\springframework\spring-orm\3.2.2.RELEASE\spring-orm-3.2.2.RELEASE.jar;E:\Dev\repo\aopalliance\aopalliance\1.0\aopalliance-1.0.jar;E:\Dev\repo\org\springframework\spring-tx\3.2.2.RELEASE\spring-tx-3.2.2.RELEASE.jar;E:\Dev\repo\org\springframework\spring-webmvc\3.2.2.RELEASE\spring-webmvc-3.2.2.RELEASE.jar;E:\Dev\repo\org\springframework\spring-web\3.2.2.RELEASE\spring-web-3.2.2.RELEASE.jar;E:\Dev\repo\org\springframework\data\spring-data-jpa\1.2.0.RELEASE\spring-data-jpa-1.2.0.RELEASE.jar;E:\Dev\repo\org\springframework\data\spring-data-commons-core\1.4.0.RELEASE\spring-data-commons-core-1.4.0.RELEASE.jar;E:\Dev\repo\org\slf4j\jcl-over-slf4j\1.6.1\jcl-over-slf4j-1.6.1.jar;E:\Dev\repo\org\aspectj\aspectjrt\1.6.12\aspectjrt-1.6.12.jar;E:\Dev\repo\org\hibernate\hibernate-core\4.2.0.Final\hibernate-core-4.2.0.Final.jar;E:\Dev\repo\antlr\antlr\2.7.7\antlr-2.7.7.jar;E:\Dev\repo\org\jboss\logging\jboss-logging\3.1.0.GA\jboss-logging-3.1.0.GA.jar;E:\Dev\repo\org\jboss\spec\javax\transaction\jboss-transaction-api_1.1_spec\1.0.0.Final\jboss-transaction-api_1.1_spec-1.0.0.Final.jar;E:\Dev\repo\dom4j\dom4j\1.6.1\dom4j-1.6.1.jar;E:\Dev\repo\org\hibernate\javax\persistence\hibernate-jpa-2.0-api\1.0.1.Final\hibernate-jpa-2.0-api-1.0.1.Final.jar;E:\Dev\repo\org\javassist\javassist\3.15.0-GA\javassist-3.15.0-GA.jar;E:\Dev\repo\org\hibernate\hibernate-entitymanager\4.2.0.Final\hibernate-entitymanager-4.2.0.Final.jar;E:\Dev\repo\javassist\javassist\3.12.1.GA\javassist-3.12.1.GA.jar;E:\Dev\repo\org\hibernate\hibernate-ehcache\4.2.0.Final\hibernate-ehcache-4.2.0.Final.jar;E:\Dev\repo\org\hibernate\common\hibernate-commons-annotations\4.0.1.Final\hibernate-commons-annotations-4.0.1.Final.jar;E:\Dev\repo\org\hibernate\hibernate-validator\4.3.1.Final\hibernate-validator-4.3.1.Final.jar;E:\Dev\repo\javax\validation\validation-api\1.0.0.GA\validation-api-1.0.0.GA.jar;E:\Dev\repo\net\sf\ehcache\ehcache-core\2.6.5\ehcache-core-2.6.5.jar;E:\Dev\repo\org\apache\commons\commons-lang3\3.1\commons-lang3-3.1.jar;E:\Dev\repo\commons-collections\commons-collections\3.2.1\commons-collections-3.2.1.jar;E:\Dev\repo\com\google\guava\guava\13.0.1\guava-13.0.1.jar;E:\Dev\repo\commons-io\commons-io\2.4\commons-io-2.4.jar;E:\Dev\repo\commons-codec\commons-codec\1.7\commons-codec-1.7.jar;E:\Dev\repo\commons-beanutils\commons-beanutils\1.8.3\commons-beanutils-1.8.3.jar;E:\Dev\repo\commons-fileupload\commons-fileupload\1.2.2\commons-fileupload-1.2.2.jar;E:\Dev\repo\joda-time\joda-time\2.2\joda-time-2.2.jar;E:\Dev\repo\joda-time\joda-time-hibernate\1.3\joda-time-hibernate-1.3.jar;E:\Dev\repo\joda-time\joda-time-jsptags\1.1.1\joda-time-jsptags-1.1.1.jar;"/>
    <property name="java.vm.specification.version" value="1.7"/>
    <property name="sun.arch.data.model" value="64"/>
    <property name="java.home" value="C:\Program Files\Java\jdk1.7.0_02\jre"/>
    <property name="sun.java.command" value="D:\project\es_91288_91288\es\es-common\target\surefire\surefirebooter1643605912115966503.jar D:\project\es_91288_91288\es\es-common\target\surefire\surefire3784855643477835155tmp D:\project\es_91288_91288\es\es-common\target\surefire\surefire1468378607473832651tmp"/>
    <property name="java.specification.vendor" value="Oracle Corporation"/>
    <property name="user.language" value="zh"/>
    <property name="awt.toolkit" value="sun.awt.windows.WToolkit"/>
    <property name="java.vm.info" value="mixed mode"/>
    <property name="java.version" value="1.7.0_02"/>
    <property name="java.ext.dirs" value="C:\Program Files\Java\jdk1.7.0_02\jre\lib\ext;C:\Windows\Sun\Java\lib\ext"/>
    <property name="sun.boot.class.path" value="C:\Program Files\Java\jdk1.7.0_02\jre\lib\resources.jar;C:\Program Files\Java\jdk1.7.0_02\jre\lib\rt.jar;C:\Program Files\Java\jdk1.7.0_02\jre\lib\sunrsasign.jar;C:\Program Files\Java\jdk1.7.0_02\jre\lib\jsse.jar;C:\Program Files\Java\jdk1.7.0_02\jre\lib\jce.jar;C:\Program Files\Java\jdk1.7.0_02\jre\lib\charsets.jar;C:\Program Files\Java\jdk1.7.0_02\jre\classes"/>
    <property name="java.vendor" value="Oracle Corporation"/>
    <property name="localRepository" value="E:\Dev\repo"/>
    <property name="file.separator" value="\"/>
    <property name="java.vendor.url.bug" value="http://bugreport.sun.com/bugreport/"/>
    <property name="sun.cpu.endian" value="little"/>
    <property name="sun.io.unicode.encoding" value="UnicodeLittle"/>
    <property name="sun.desktop" value="windows"/>
    <property name="sun.cpu.isalist" value="amd64"/>
  </properties>
  <testcase time="0.002" classname="com.test.es.AppTest" name="testApp"/>
</testsuite>